[0.433s] Invoking command in '/home/pankaja/projects/Arm_Simulation/gp7_robot_description': DEBUGINFOD_URLS=https://debuginfod.ubuntu.com PYTHONPATH=/home/pankaja/projects/Arm_Simulation/build/gp7_robot_description/prefix_override:/usr/lib/python3/dist-packages/colcon_core/task/python/colcon_distutils_commands:/home/pankaja/projects/Arm_Simulation/install/gp7_robot_description/lib/python3.12/site-packages:${PYTHONPATH} /usr/bin/python3 -W ignore:setup.py install is deprecated -W ignore:easy_install command is deprecated setup.py egg_info --egg-base ../build/gp7_robot_description build --build-base /home/pankaja/projects/Arm_Simulation/build/gp7_robot_description/build install --record /home/pankaja/projects/Arm_Simulation/build/gp7_robot_description/install.log --single-version-externally-managed install_data
[0.572s] running egg_info
[0.572s] creating ../build/gp7_robot_description/gp7_robot_description.egg-info
[0.582s] writing ../build/gp7_robot_description/gp7_robot_description.egg-info/PKG-INFO
[0.582s] writing dependency_links to ../build/gp7_robot_description/gp7_robot_description.egg-info/dependency_links.txt
[0.582s] writing requirements to ../build/gp7_robot_description/gp7_robot_description.egg-info/requires.txt
[0.582s] writing top-level names to ../build/gp7_robot_description/gp7_robot_description.egg-info/top_level.txt
[0.582s] writing manifest file '../build/gp7_robot_description/gp7_robot_description.egg-info/SOURCES.txt'
[0.597s] reading manifest file '../build/gp7_robot_description/gp7_robot_description.egg-info/SOURCES.txt'
[0.597s] writing manifest file '../build/gp7_robot_description/gp7_robot_description.egg-info/SOURCES.txt'
[0.597s] running build
[0.597s] running install
[0.601s] running install_data
[0.601s] creating /home/pankaja/projects/Arm_Simulation/install/gp7_robot_description/share/ament_index
[0.601s] creating /home/pankaja/projects/Arm_Simulation/install/gp7_robot_description/share/ament_index/resource_index
[0.601s] creating /home/pankaja/projects/Arm_Simulation/install/gp7_robot_description/share/ament_index/resource_index/packages
[0.601s] copying resource/gp7_robot_description -> /home/pankaja/projects/Arm_Simulation/install/gp7_robot_description/share/ament_index/resource_index/packages
[0.601s] copying package.xml -> /home/pankaja/projects/Arm_Simulation/install/gp7_robot_description/share/gp7_robot_description
[0.601s] creating /home/pankaja/projects/Arm_Simulation/install/gp7_robot_description/share/gp7_robot_description/launch
[0.601s] copying launch/launch.py -> /home/pankaja/projects/Arm_Simulation/install/gp7_robot_description/share/gp7_robot_description/launch
[0.601s] creating /home/pankaja/projects/Arm_Simulation/install/gp7_robot_description/share/gp7_robot_description/urdf
[0.601s] copying urdf/gp7_robot.xacro -> /home/pankaja/projects/Arm_Simulation/install/gp7_robot_description/share/gp7_robot_description/urdf
[0.601s] creating /home/pankaja/projects/Arm_Simulation/install/gp7_robot_description/share/gp7_robot_description/rviz
[0.601s] copying rviz/default.rviz -> /home/pankaja/projects/Arm_Simulation/install/gp7_robot_description/share/gp7_robot_description/rviz
[0.601s] creating /home/pankaja/projects/Arm_Simulation/install/gp7_robot_description/share/gp7_robot_description/meshes
[0.601s] creating /home/pankaja/projects/Arm_Simulation/install/gp7_robot_description/share/gp7_robot_description/meshes/collision
[0.601s] copying meshes/collision/link_8.STL -> /home/pankaja/projects/Arm_Simulation/install/gp7_robot_description/share/gp7_robot_description/meshes/collision
[0.601s] copying meshes/collision/link_3.STL -> /home/pankaja/projects/Arm_Simulation/install/gp7_robot_description/share/gp7_robot_description/meshes/collision
[0.601s] copying meshes/collision/link_5.STL -> /home/pankaja/projects/Arm_Simulation/install/gp7_robot_description/share/gp7_robot_description/meshes/collision
[0.602s] copying meshes/collision/link_4.STL -> /home/pankaja/projects/Arm_Simulation/install/gp7_robot_description/share/gp7_robot_description/meshes/collision
[0.602s] copying meshes/collision/link_7.STL -> /home/pankaja/projects/Arm_Simulation/install/gp7_robot_description/share/gp7_robot_description/meshes/collision
[0.602s] copying meshes/collision/link_1.STL -> /home/pankaja/projects/Arm_Simulation/install/gp7_robot_description/share/gp7_robot_description/meshes/collision
[0.603s] copying meshes/collision/link_2.STL -> /home/pankaja/projects/Arm_Simulation/install/gp7_robot_description/share/gp7_robot_description/meshes/collision
[0.603s] copying meshes/collision/link_6.STL -> /home/pankaja/projects/Arm_Simulation/install/gp7_robot_description/share/gp7_robot_description/meshes/collision
[0.603s] copying meshes/collision/base_link.STL -> /home/pankaja/projects/Arm_Simulation/install/gp7_robot_description/share/gp7_robot_description/meshes/collision
[0.604s] creating /home/pankaja/projects/Arm_Simulation/install/gp7_robot_description/share/gp7_robot_description/meshes/visual
[0.604s] copying meshes/visual/link_8.STL -> /home/pankaja/projects/Arm_Simulation/install/gp7_robot_description/share/gp7_robot_description/meshes/visual
[0.604s] copying meshes/visual/link_3.STL -> /home/pankaja/projects/Arm_Simulation/install/gp7_robot_description/share/gp7_robot_description/meshes/visual
[0.604s] copying meshes/visual/link_5.STL -> /home/pankaja/projects/Arm_Simulation/install/gp7_robot_description/share/gp7_robot_description/meshes/visual
[0.604s] copying meshes/visual/link_4.STL -> /home/pankaja/projects/Arm_Simulation/install/gp7_robot_description/share/gp7_robot_description/meshes/visual
[0.605s] copying meshes/visual/link_7.STL -> /home/pankaja/projects/Arm_Simulation/install/gp7_robot_description/share/gp7_robot_description/meshes/visual
[0.605s] copying meshes/visual/link_1.STL -> /home/pankaja/projects/Arm_Simulation/install/gp7_robot_description/share/gp7_robot_description/meshes/visual
[0.605s] copying meshes/visual/link_2.STL -> /home/pankaja/projects/Arm_Simulation/install/gp7_robot_description/share/gp7_robot_description/meshes/visual
[0.605s] copying meshes/visual/link_6.STL -> /home/pankaja/projects/Arm_Simulation/install/gp7_robot_description/share/gp7_robot_description/meshes/visual
[0.605s] copying meshes/visual/base_link.STL -> /home/pankaja/projects/Arm_Simulation/install/gp7_robot_description/share/gp7_robot_description/meshes/visual
[0.606s] running install_egg_info
[0.627s] Copying ../build/gp7_robot_description/gp7_robot_description.egg-info to /home/pankaja/projects/Arm_Simulation/install/gp7_robot_description/lib/python3.12/site-packages/gp7_robot_description-0.0.0-py3.12.egg-info
[0.627s] running install_scripts
[0.693s] writing list of installed files to '/home/pankaja/projects/Arm_Simulation/build/gp7_robot_description/install.log'
[0.707s] Invoked command in '/home/pankaja/projects/Arm_Simulation/gp7_robot_description' returned '0': DEBUGINFOD_URLS=https://debuginfod.ubuntu.com PYTHONPATH=/home/pankaja/projects/Arm_Simulation/build/gp7_robot_description/prefix_override:/usr/lib/python3/dist-packages/colcon_core/task/python/colcon_distutils_commands:/home/pankaja/projects/Arm_Simulation/install/gp7_robot_description/lib/python3.12/site-packages:${PYTHONPATH} /usr/bin/python3 -W ignore:setup.py install is deprecated -W ignore:easy_install command is deprecated setup.py egg_info --egg-base ../build/gp7_robot_description build --build-base /home/pankaja/projects/Arm_Simulation/build/gp7_robot_description/build install --record /home/pankaja/projects/Arm_Simulation/build/gp7_robot_description/install.log --single-version-externally-managed install_data
