/home/pankaja/projects/Arm_Simulation/install/gp7_robot_description/share/ament_index/resource_index/packages/gp7_robot_description
/home/pankaja/projects/Arm_Simulation/install/gp7_robot_description/share/gp7_robot_description/package.xml
/home/pankaja/projects/Arm_Simulation/install/gp7_robot_description/share/gp7_robot_description/launch/launch.py
/home/pankaja/projects/Arm_Simulation/install/gp7_robot_description/share/gp7_robot_description/urdf/gp7_robot.xacro
/home/pankaja/projects/Arm_Simulation/install/gp7_robot_description/share/gp7_robot_description/rviz/default.rviz
/home/pankaja/projects/Arm_Simulation/install/gp7_robot_description/share/gp7_robot_description/meshes/collision/link_8.STL
/home/pankaja/projects/Arm_Simulation/install/gp7_robot_description/share/gp7_robot_description/meshes/collision/link_3.STL
/home/pankaja/projects/Arm_Simulation/install/gp7_robot_description/share/gp7_robot_description/meshes/collision/link_5.STL
/home/pankaja/projects/Arm_Simulation/install/gp7_robot_description/share/gp7_robot_description/meshes/collision/link_4.STL
/home/pankaja/projects/Arm_Simulation/install/gp7_robot_description/share/gp7_robot_description/meshes/collision/link_7.STL
/home/pankaja/projects/Arm_Simulation/install/gp7_robot_description/share/gp7_robot_description/meshes/collision/link_1.STL
/home/pankaja/projects/Arm_Simulation/install/gp7_robot_description/share/gp7_robot_description/meshes/collision/link_2.STL
/home/pankaja/projects/Arm_Simulation/install/gp7_robot_description/share/gp7_robot_description/meshes/collision/link_6.STL
/home/pankaja/projects/Arm_Simulation/install/gp7_robot_description/share/gp7_robot_description/meshes/collision/base_link.STL
/home/pankaja/projects/Arm_Simulation/install/gp7_robot_description/share/gp7_robot_description/meshes/visual/link_8.STL
/home/pankaja/projects/Arm_Simulation/install/gp7_robot_description/share/gp7_robot_description/meshes/visual/link_3.STL
/home/pankaja/projects/Arm_Simulation/install/gp7_robot_description/share/gp7_robot_description/meshes/visual/link_5.STL
/home/pankaja/projects/Arm_Simulation/install/gp7_robot_description/share/gp7_robot_description/meshes/visual/link_4.STL
/home/pankaja/projects/Arm_Simulation/install/gp7_robot_description/share/gp7_robot_description/meshes/visual/link_7.STL
/home/pankaja/projects/Arm_Simulation/install/gp7_robot_description/share/gp7_robot_description/meshes/visual/link_1.STL
/home/pankaja/projects/Arm_Simulation/install/gp7_robot_description/share/gp7_robot_description/meshes/visual/link_2.STL
/home/pankaja/projects/Arm_Simulation/install/gp7_robot_description/share/gp7_robot_description/meshes/visual/link_6.STL
/home/pankaja/projects/Arm_Simulation/install/gp7_robot_description/share/gp7_robot_description/meshes/visual/base_link.STL
/home/pankaja/projects/Arm_Simulation/install/gp7_robot_description/lib/python3.12/site-packages/gp7_robot_description-0.0.0-py3.12.egg-info/top_level.txt
/home/pankaja/projects/Arm_Simulation/install/gp7_robot_description/lib/python3.12/site-packages/gp7_robot_description-0.0.0-py3.12.egg-info/SOURCES.txt
/home/pankaja/projects/Arm_Simulation/install/gp7_robot_description/lib/python3.12/site-packages/gp7_robot_description-0.0.0-py3.12.egg-info/dependency_links.txt
/home/pankaja/projects/Arm_Simulation/install/gp7_robot_description/lib/python3.12/site-packages/gp7_robot_description-0.0.0-py3.12.egg-info/zip-safe
/home/pankaja/projects/Arm_Simulation/install/gp7_robot_description/lib/python3.12/site-packages/gp7_robot_description-0.0.0-py3.12.egg-info/PKG-INFO
/home/pankaja/projects/Arm_Simulation/install/gp7_robot_description/lib/python3.12/site-packages/gp7_robot_description-0.0.0-py3.12.egg-info/requires.txt
