running egg_info
creating ../build/gp7_robot_description/gp7_robot_description.egg-info
writing ../build/gp7_robot_description/gp7_robot_description.egg-info/PKG-INFO
writing dependency_links to ../build/gp7_robot_description/gp7_robot_description.egg-info/dependency_links.txt
writing requirements to ../build/gp7_robot_description/gp7_robot_description.egg-info/requires.txt
writing top-level names to ../build/gp7_robot_description/gp7_robot_description.egg-info/top_level.txt
writing manifest file '../build/gp7_robot_description/gp7_robot_description.egg-info/SOURCES.txt'
reading manifest file '../build/gp7_robot_description/gp7_robot_description.egg-info/SOURCES.txt'
writing manifest file '../build/gp7_robot_description/gp7_robot_description.egg-info/SOURCES.txt'
running build
running install
running install_data
creating /home/pankaja/projects/Arm_Simulation/install/gp7_robot_description/share/ament_index
creating /home/pankaja/projects/Arm_Simulation/install/gp7_robot_description/share/ament_index/resource_index
creating /home/pankaja/projects/Arm_Simulation/install/gp7_robot_description/share/ament_index/resource_index/packages
copying resource/gp7_robot_description -> /home/pankaja/projects/Arm_Simulation/install/gp7_robot_description/share/ament_index/resource_index/packages
copying package.xml -> /home/pankaja/projects/Arm_Simulation/install/gp7_robot_description/share/gp7_robot_description
copying launch/launch.py -> /home/pankaja/projects/Arm_Simulation/install/gp7_robot_description/share/gp7_robot_description
creating /home/pankaja/projects/Arm_Simulation/install/gp7_robot_description/share/gp7_robot_description/urdf
copying urdf/gp7_robot.xacro -> /home/pankaja/projects/Arm_Simulation/install/gp7_robot_description/share/gp7_robot_description/urdf/
creating /home/pankaja/projects/Arm_Simulation/install/gp7_robot_description/share/gp7_robot_description/rviz
copying rviz/default.rviz -> /home/pankaja/projects/Arm_Simulation/install/gp7_robot_description/share/gp7_robot_description/rviz/
creating /home/pankaja/projects/Arm_Simulation/install/gp7_robot_description/share/gp7_robot_description/meshes
creating /home/pankaja/projects/Arm_Simulation/install/gp7_robot_description/share/gp7_robot_description/meshes/collision
copying meshes/collision/link_8.STL -> /home/pankaja/projects/Arm_Simulation/install/gp7_robot_description/share/gp7_robot_description/meshes/collision/
copying meshes/collision/link_3.STL -> /home/pankaja/projects/Arm_Simulation/install/gp7_robot_description/share/gp7_robot_description/meshes/collision/
copying meshes/collision/link_5.STL -> /home/pankaja/projects/Arm_Simulation/install/gp7_robot_description/share/gp7_robot_description/meshes/collision/
copying meshes/collision/link_4.STL -> /home/pankaja/projects/Arm_Simulation/install/gp7_robot_description/share/gp7_robot_description/meshes/collision/
copying meshes/collision/link_7.STL -> /home/pankaja/projects/Arm_Simulation/install/gp7_robot_description/share/gp7_robot_description/meshes/collision/
copying meshes/collision/link_1.STL -> /home/pankaja/projects/Arm_Simulation/install/gp7_robot_description/share/gp7_robot_description/meshes/collision/
copying meshes/collision/link_2.STL -> /home/pankaja/projects/Arm_Simulation/install/gp7_robot_description/share/gp7_robot_description/meshes/collision/
copying meshes/collision/link_6.STL -> /home/pankaja/projects/Arm_Simulation/install/gp7_robot_description/share/gp7_robot_description/meshes/collision/
copying meshes/collision/base_link.STL -> /home/pankaja/projects/Arm_Simulation/install/gp7_robot_description/share/gp7_robot_description/meshes/collision/
creating /home/pankaja/projects/Arm_Simulation/install/gp7_robot_description/share/gp7_robot_description/meshes/visual
copying meshes/visual/link_8.STL -> /home/pankaja/projects/Arm_Simulation/install/gp7_robot_description/share/gp7_robot_description/meshes/visual/
copying meshes/visual/link_3.STL -> /home/pankaja/projects/Arm_Simulation/install/gp7_robot_description/share/gp7_robot_description/meshes/visual/
copying meshes/visual/link_5.STL -> /home/pankaja/projects/Arm_Simulation/install/gp7_robot_description/share/gp7_robot_description/meshes/visual/
copying meshes/visual/link_4.STL -> /home/pankaja/projects/Arm_Simulation/install/gp7_robot_description/share/gp7_robot_description/meshes/visual/
copying meshes/visual/link_7.STL -> /home/pankaja/projects/Arm_Simulation/install/gp7_robot_description/share/gp7_robot_description/meshes/visual/
copying meshes/visual/link_1.STL -> /home/pankaja/projects/Arm_Simulation/install/gp7_robot_description/share/gp7_robot_description/meshes/visual/
copying meshes/visual/link_2.STL -> /home/pankaja/projects/Arm_Simulation/install/gp7_robot_description/share/gp7_robot_description/meshes/visual/
copying meshes/visual/link_6.STL -> /home/pankaja/projects/Arm_Simulation/install/gp7_robot_description/share/gp7_robot_description/meshes/visual/
copying meshes/visual/base_link.STL -> /home/pankaja/projects/Arm_Simulation/install/gp7_robot_description/share/gp7_robot_description/meshes/visual/
running install_egg_info
Copying ../build/gp7_robot_description/gp7_robot_description.egg-info to /home/pankaja/projects/Arm_Simulation/install/gp7_robot_description/lib/python3.12/site-packages/gp7_robot_description-0.0.0-py3.12.egg-info
running install_scripts
writing list of installed files to '/home/pankaja/projects/Arm_Simulation/build/gp7_robot_description/install.log'
